2025-05-19T06:00:52.071Z | PUT /eventos/68294f5dd07c76f57de31531
2025-05-19T06:01:02.995Z | GET /eventos
2025-05-19T06:01:20.644Z | GET /eventos/68294f5dd07c76f57de31531
2025-05-19T06:01:29.535Z | DELETE /eventos/68294f5dd07c76f57de31531
2025-05-19T06:01:41.364Z | GET /eventos
2025-05-19T06:02:10.414Z | GET /notifica
2025-05-19T06:02:13.629Z | GET /notifica
2025-05-19T06:02:48.550Z | GET /notificacoes
2025-05-19T06:03:49.984Z | POST /eventos
2025-05-19T06:04:48.485Z | POST /notificacoes
2025-05-19T06:05:04.155Z | POST /notificacoes
2025-05-19T06:05:28.906Z | POST /notificacoes
2025-05-19T06:06:57.274Z | PUT /notificacoes/682aca289ce8043e659f66e3
2025-05-19T06:07:12.745Z | GET /eventos
2025-05-19T06:07:28.994Z | GET /notificacoes/682aca289ce8043e659f66e3
2025-05-19T06:07:35.592Z | DELETE /notificacoes/682aca289ce8043e659f66e3
2025-05-19T06:07:48.086Z | GET /notificacoes
2025-05-19T06:08:07.990Z | DELETE /notificacoes/682a8581ac9ee6baddd1b642
2025-05-19T06:08:14.340Z | GET /notificacoes/682a8581ac9ee6baddd1b642
2025-05-19T06:08:20.281Z | GET /notificacoes
2025-05-19T06:09:45.042Z | GET /usuarios
2025-05-19T06:11:11.518Z | POST /usuarios
2025-05-19T06:11:26.131Z | GET /usuarios/682acb7f9ce8043e659f66f1
2025-05-19T06:11:51.905Z | PUT /usuarios/682acb7f9ce8043e659f66f1
2025-05-19T06:12:04.144Z | DELETE /usuarios/682acb7f9ce8043e659f66f1
2025-05-19T06:12:08.626Z | GET /usuarios/682acb7f9ce8043e659f66f1
2025-05-19T06:12:13.093Z | GET /usuarios
2025-05-19T06:12:22.517Z | POST /usuarios
2025-05-19T22:49:32.115Z | POST /eventos
2025-05-19T22:50:19.139Z | GET /eventos/682bb57c3bb620addf2a9948
2025-05-19T22:50:28.502Z | GET /eventos
2025-05-19T22:51:15.514Z | PUT /eventos/682bb57c3bb620addf2a9948
2025-05-19T22:54:25.880Z | GET /eventos
2025-05-19T22:54:54.793Z | DELETE /eventos/682ac9c59ce8043e659f66e1
2025-05-19T22:55:03.209Z | GET /eventos
2025-05-19T22:55:28.650Z | GET /notificacoes
2025-05-19T22:57:48.882Z | POST /notificacoes
2025-05-19T22:58:46.921Z | GET /notificacoes/682bb57c3bb620addf2a9948
2025-05-19T22:58:49.886Z | GET /notificacoes/682bb57c3bb620addf2a9948
2025-05-19T22:58:58.727Z | GET /notificacoes
2025-05-19T22:59:17.783Z | GET /notificacoes/682bb76c3bb620addf2a9951
2025-05-19T22:59:51.417Z | PUT /notificacoes/682bb76c3bb620addf2a9951
2025-05-19T23:00:24.646Z | DELETE /notificacoes/682bb76c3bb620addf2a9951
2025-05-19T23:00:31.159Z | GET /notificacoes
2025-05-19T23:05:54.326Z | POST /usuarios
2025-05-19T23:07:29.417Z | POST /usuarios
2025-05-19T23:07:39.765Z | GET /usuarios
2025-05-19T23:07:55.143Z | DELETE /usuarios/682bb9523bb620addf2a995d
2025-05-19T23:08:08.793Z | POST /usuarios
2025-05-19T23:09:15.303Z | POST /usuarios/682bb57c3bb620addf2a9948
2025-05-19T23:09:19.995Z | GET /usuarios/682bb57c3bb620addf2a9948
2025-05-19T23:09:27.863Z | GET /usuarios
2025-05-19T23:09:41.709Z | DELETE /usuarios/682bb9d83bb620addf2a9963
2025-05-19T23:09:48.043Z | GET /usuarios
2025-05-19T23:09:53.876Z | POST /usuarios
2025-05-19T23:34:39.781Z | POST /usuarios
2025-05-19T23:34:48.821Z | DELETE /usuarios/682bb9d83bb620addf2a9963
2025-05-19T23:35:00.042Z | GET /usuarios
2025-05-19T23:35:10.081Z | DELETE /usuarios/682bba413bb620addf2a9969
2025-05-19T23:35:20.111Z | POST /usuarios
2025-05-19T23:35:38.563Z | GET /usuarios/682bc038a7ff3577a8278adf
2025-05-19T23:35:51.175Z | GET /usuarios
2025-05-19T23:36:32.307Z | PUT /usuarios/682bc038a7ff3577a8278adf
2025-05-19T23:36:40.485Z | DELETE /usuarios/682bc038a7ff3577a8278adf
2025-05-19T23:36:47.360Z | GET /usuarios
